# JRE version: OpenJDK Runtime Environment (17.0.6) (build 17.0.6+0-b2043.56-10027231)
# Java VM: OpenJDK 64-Bit Server VM (17.0.6+0-b2043.56-10027231, mixed mode, tiered, compressed oops, compressed class ptrs, g1 gc, windows-amd64)
GC Precious Log:
 CPUs: 4 total, 4 available
 Memory: 8022M
 Large Page Support: Disabled
 NUMA Support: Disabled
 Compressed Oops: Enabled (32-bit)
 Heap Region Size: 1M
 Heap Min Capacity: 8M
 Heap Initial Capacity: 126M
 Heap Max Capacity: 2G
 Pre-touch: Disabled
 Parallel Workers: 4
 Concurrent Workers: 1
 Concurrent Refinement Workers: 4
 Periodic GC: Disabled
Heap:
 garbage-first heap   total 89088K, used 55338K [0x0000000080000000, 0x0000000100000000)
  region size 1024K, 12 young (12288K), 2 survivors (2048K)
 Metaspace       used 61037K, committed 61504K, reserved 1105920K
  class space    used 8099K, committed 8320K, reserved 1048576K
GC Heap History (20 events):
Event: 3.115 GC heap before
{Heap before GC invocations=6 (full 0):
 garbage-first heap   total 68608K, used 21712K [0x0000000080000000, 0x0000000100000000)
  region size 1024K, 4 young (4096K), 3 survivors (3072K)
 Metaspace       used 26640K, committed 26944K, reserved 1073152K
  class space    used 3509K, committed 3648K, reserved 1048576K
}
Event: 3.118 GC heap after
{Heap after GC invocations=7 (full 0):
 garbage-first heap   total 68608K, used 20929K [0x0000000080000000, 0x0000000100000000)
  region size 1024K, 1 young (1024K), 1 survivors (1024K)
 Metaspace       used 26640K, committed 26944K, reserved 1073152K
  class space    used 3509K, committed 3648K, reserved 1048576K
}
Event: 3.502 GC heap before
{Heap before GC invocations=7 (full 0):
 garbage-first heap   total 68608K, used 47553K [0x0000000080000000, 0x0000000100000000)
  region size 1024K, 27 young (27648K), 1 survivors (1024K)
 Metaspace       used 30640K, committed 30912K, reserved 1081344K
  class space    used 4166K, committed 4288K, reserved 1048576K
}
Event: 3.506 GC heap after
{Heap after GC invocations=8 (full 0):
 garbage-first heap   total 68608K, used 21980K [0x0000000080000000, 0x0000000100000000)
  region size 1024K, 2 young (2048K), 2 survivors (2048K)
 Metaspace       used 30640K, committed 30912K, reserved 1081344K
  class space    used 4166K, committed 4288K, reserved 1048576K
}
Event: 3.934 GC heap before
{Heap before GC invocations=8 (full 0):
 garbage-first heap   total 68608K, used 48604K [0x0000000080000000, 0x0000000100000000)
  region size 1024K, 29 young (29696K), 2 survivors (2048K)
 Metaspace       used 35242K, committed 35648K, reserved 1081344K
  class space    used 4866K, committed 5056K, reserved 1048576K
}
Event: 3.940 GC heap after
{Heap after GC invocations=9 (full 0):
 garbage-first heap   total 68608K, used 24157K [0x0000000080000000, 0x0000000100000000)
  region size 1024K, 4 young (4096K), 4 survivors (4096K)
 Metaspace       used 35242K, committed 35648K, reserved 1081344K
  class space    used 4866K, committed 5056K, reserved 1048576K
}
Event: 3.961 GC heap before
{Heap before GC invocations=9 (full 0):
 garbage-first heap   total 68608K, used 25181K [0x0000000080000000, 0x0000000100000000)
  region size 1024K, 6 young (6144K), 4 survivors (4096K)
 Metaspace       used 35788K, committed 36096K, reserved 1081344K
  class space    used 4897K, committed 5056K, reserved 1048576K
}
Event: 3.966 GC heap after
{Heap after GC invocations=10 (full 0):
 garbage-first heap   total 98304K, used 24358K [0x0000000080000000, 0x0000000100000000)
  region size 1024K, 1 young (1024K), 1 survivors (1024K)
 Metaspace       used 35788K, committed 36096K, reserved 1081344K
  class space    used 4897K, committed 5056K, reserved 1048576K
}
Event: 4.705 GC heap before
{Heap before GC invocations=11 (full 0):
 garbage-first heap   total 89088K, used 71462K [0x0000000080000000, 0x0000000100000000)
  region size 1024K, 45 young (46080K), 1 survivors (1024K)
 Metaspace       used 42469K, committed 42816K, reserved 1089536K
  class space    used 5555K, committed 5696K, reserved 1048576K
}
Event: 4.710 GC heap after
{Heap after GC invocations=12 (full 0):
 garbage-first heap   total 89088K, used 29508K [0x0000000080000000, 0x0000000100000000)
  region size 1024K, 6 young (6144K), 6 survivors (6144K)
 Metaspace       used 42469K, committed 42816K, reserved 1089536K
  class space    used 5555K, committed 5696K, reserved 1048576K
}
Event: 5.152 GC heap before
{Heap before GC invocations=12 (full 0):
 garbage-first heap   total 89088K, used 67396K [0x0000000080000000, 0x0000000100000000)
  region size 1024K, 42 young (43008K), 6 survivors (6144K)
 Metaspace       used 46828K, committed 47296K, reserved 1097728K
  class space    used 6127K, committed 6336K, reserved 1048576K
}
Event: 5.158 GC heap after
{Heap after GC invocations=13 (full 0):
 garbage-first heap   total 89088K, used 32032K [0x0000000080000000, 0x0000000100000000)
  region size 1024K, 4 young (4096K), 4 survivors (4096K)
 Metaspace       used 46828K, committed 47296K, reserved 1097728K
  class space    used 6127K, committed 6336K, reserved 1048576K
}
Event: 5.745 GC heap before
{Heap before GC invocations=13 (full 0):
 garbage-first heap   total 89088K, used 66848K [0x0000000080000000, 0x0000000100000000)
  region size 1024K, 38 young (38912K), 4 survivors (4096K)
 Metaspace       used 50881K, committed 51264K, reserved 1097728K
  class space    used 6741K, committed 6912K, reserved 1048576K
}
Event: 5.751 GC heap after
{Heap after GC invocations=14 (full 0):
 garbage-first heap   total 89088K, used 34355K [0x0000000080000000, 0x0000000100000000)
  region size 1024K, 3 young (3072K), 3 survivors (3072K)
 Metaspace       used 50881K, committed 51264K, reserved 1097728K
  class space    used 6741K, committed 6912K, reserved 1048576K
}
Event: 6.458 GC heap before
{Heap before GC invocations=14 (full 0):
 garbage-first heap   total 89088K, used 70195K [0x0000000080000000, 0x0000000100000000)
  region size 1024K, 36 young (36864K), 3 survivors (3072K)
 Metaspace       used 52227K, committed 52736K, reserved 1097728K
  class space    used 6896K, committed 7104K, reserved 1048576K
}
Event: 6.466 GC heap after
{Heap after GC invocations=15 (full 0):
 garbage-first heap   total 89088K, used 44145K [0x0000000080000000, 0x0000000100000000)
  region size 1024K, 5 young (5120K), 5 survivors (5120K)
 Metaspace       used 52227K, committed 52736K, reserved 1097728K
  class space    used 6896K, committed 7104K, reserved 1048576K
}
Event: 6.729 GC heap before
{Heap before GC invocations=15 (full 0):
 garbage-first heap   total 89088K, used 66673K [0x0000000080000000, 0x0000000100000000)
  region size 1024K, 27 young (27648K), 5 survivors (5120K)
 Metaspace       used 55376K, committed 55808K, reserved 1097728K
  class space    used 7332K, committed 7552K, reserved 1048576K
}
Event: 6.732 GC heap after
{Heap after GC invocations=16 (full 0):
 garbage-first heap   total 89088K, used 45417K [0x0000000080000000, 0x0000000100000000)
  region size 1024K, 1 young (1024K), 1 survivors (1024K)
 Metaspace       used 55376K, committed 55808K, reserved 1097728K
  class space    used 7332K, committed 7552K, reserved 1048576K
}
Event: 7.056 GC heap before
{Heap before GC invocations=16 (full 0):
 garbage-first heap   total 89088K, used 68969K [0x0000000080000000, 0x0000000100000000)
  region size 1024K, 24 young (24576K), 1 survivors (1024K)
 Metaspace       used 58892K, committed 59328K, reserved 1105920K
  class space    used 7788K, committed 8000K, reserved 1048576K
}
Event: 7.059 GC heap after
{Heap after GC invocations=17 (full 0):
 garbage-first heap   total 89088K, used 46122K [0x0000000080000000, 0x0000000100000000)
  region size 1024K, 2 young (2048K), 2 survivors (2048K)
 Metaspace       used 58892K, committed 59328K, reserved 1105920K
  class space    used 7788K, committed 8000K, reserved 1048576K
}

