# JRE version: OpenJDK Runtime Environment (17.0.6) (build 17.0.6+0-b2043.56-10027231)
# Java VM: OpenJDK 64-Bit Server VM (17.0.6+0-b2043.56-10027231, mixed mode, tiered, compressed oops, compressed class ptrs, g1 gc, windows-amd64)
GC Precious Log:
 CPUs: 4 total, 4 available
 Memory: 8022M
 Large Page Support: Disabled
 NUMA Support: Disabled
 Compressed Oops: Enabled (32-bit)
 Heap Region Size: 1M
 Heap Min Capacity: 8M
 Heap Initial Capacity: 126M
 Heap Max Capacity: 2G
 Pre-touch: Disabled
 Parallel Workers: 4
 Concurrent Workers: 1
 Concurrent Refinement Workers: 4
 Periodic GC: Disabled
Heap:
 garbage-first heap   total 87040K, used 48580K [0x0000000080000000, 0x0000000100000000)
  region size 1024K, 3 young (3072K), 3 survivors (3072K)
 Metaspace       used 62403K, committed 62912K, reserved 1105920K
  class space    used 8244K, committed 8448K, reserved 1048576K
GC Heap History (20 events):
Event: 3.666 GC heap after
{Heap after GC invocations=8 (full 0):
 garbage-first heap   total 68608K, used 23422K [0x0000000080000000, 0x0000000100000000)
  region size 1024K, 4 young (4096K), 4 survivors (4096K)
 Metaspace       used 34934K, committed 35264K, reserved 1081344K
  class space    used 4832K, committed 4992K, reserved 1048576K
}
Event: 3.907 GC heap before
{Heap before GC invocations=8 (full 0):
 garbage-first heap   total 68608K, used 25470K [0x0000000080000000, 0x0000000100000000)
  region size 1024K, 8 young (8192K), 4 survivors (4096K)
 Metaspace       used 35649K, committed 35968K, reserved 1081344K
  class space    used 4874K, committed 5056K, reserved 1048576K
}
Event: 3.911 GC heap after
{Heap after GC invocations=9 (full 0):
 garbage-first heap   total 68608K, used 24120K [0x0000000080000000, 0x0000000100000000)
  region size 1024K, 3 young (3072K), 3 survivors (3072K)
 Metaspace       used 35649K, committed 35968K, reserved 1081344K
  class space    used 4874K, committed 5056K, reserved 1048576K
}
Event: 4.635 GC heap before
{Heap before GC invocations=10 (full 0):
 garbage-first heap   total 68608K, used 50744K [0x0000000080000000, 0x0000000100000000)
  region size 1024K, 30 young (30720K), 3 survivors (3072K)
 Metaspace       used 40378K, committed 40704K, reserved 1089536K
  class space    used 5353K, committed 5504K, reserved 1048576K
}
Event: 4.641 GC heap after
{Heap after GC invocations=11 (full 0):
 garbage-first heap   total 68608K, used 27864K [0x0000000080000000, 0x0000000100000000)
  region size 1024K, 4 young (4096K), 4 survivors (4096K)
 Metaspace       used 40378K, committed 40704K, reserved 1089536K
  class space    used 5353K, committed 5504K, reserved 1048576K
}
Event: 4.946 GC heap before
{Heap before GC invocations=11 (full 0):
 garbage-first heap   total 68608K, used 54488K [0x0000000080000000, 0x0000000100000000)
  region size 1024K, 27 young (27648K), 4 survivors (4096K)
 Metaspace       used 42565K, committed 42880K, reserved 1089536K
  class space    used 5564K, committed 5696K, reserved 1048576K
}
Event: 4.953 GC heap after
{Heap after GC invocations=12 (full 0):
 garbage-first heap   total 68608K, used 30124K [0x0000000080000000, 0x0000000100000000)
  region size 1024K, 3 young (3072K), 3 survivors (3072K)
 Metaspace       used 42565K, committed 42880K, reserved 1089536K
  class space    used 5564K, committed 5696K, reserved 1048576K
}
Event: 5.291 GC heap before
{Heap before GC invocations=12 (full 0):
 garbage-first heap   total 68608K, used 51628K [0x0000000080000000, 0x0000000100000000)
  region size 1024K, 24 young (24576K), 3 survivors (3072K)
 Metaspace       used 44682K, committed 45056K, reserved 1089536K
  class space    used 5907K, committed 6080K, reserved 1048576K
}
Event: 5.299 GC heap after
{Heap after GC invocations=13 (full 0):
 garbage-first heap   total 82944K, used 32422K [0x0000000080000000, 0x0000000100000000)
  region size 1024K, 3 young (3072K), 3 survivors (3072K)
 Metaspace       used 44682K, committed 45056K, reserved 1089536K
  class space    used 5907K, committed 6080K, reserved 1048576K
}
Event: 5.794 GC heap before
{Heap before GC invocations=13 (full 0):
 garbage-first heap   total 82944K, used 62118K [0x0000000080000000, 0x0000000100000000)
  region size 1024K, 32 young (32768K), 3 survivors (3072K)
 Metaspace       used 49177K, committed 49600K, reserved 1097728K
  class space    used 6489K, committed 6656K, reserved 1048576K
}
Event: 5.798 GC heap after
{Heap after GC invocations=14 (full 0):
 garbage-first heap   total 82944K, used 33487K [0x0000000080000000, 0x0000000100000000)
  region size 1024K, 4 young (4096K), 4 survivors (4096K)
 Metaspace       used 49177K, committed 49600K, reserved 1097728K
  class space    used 6489K, committed 6656K, reserved 1048576K
}
Event: 6.367 GC heap before
{Heap before GC invocations=14 (full 0):
 garbage-first heap   total 82944K, used 63183K [0x0000000080000000, 0x0000000100000000)
  region size 1024K, 33 young (33792K), 4 survivors (4096K)
 Metaspace       used 51399K, committed 51840K, reserved 1097728K
  class space    used 6783K, committed 6976K, reserved 1048576K
}
Event: 6.374 GC heap after
{Heap after GC invocations=15 (full 0):
 garbage-first heap   total 82944K, used 36291K [0x0000000080000000, 0x0000000100000000)
  region size 1024K, 5 young (5120K), 5 survivors (5120K)
 Metaspace       used 51399K, committed 51840K, reserved 1097728K
  class space    used 6783K, committed 6976K, reserved 1048576K
}
Event: 6.852 GC heap before
{Heap before GC invocations=15 (full 0):
 garbage-first heap   total 82944K, used 64963K [0x0000000080000000, 0x0000000100000000)
  region size 1024K, 31 young (31744K), 5 survivors (5120K)
 Metaspace       used 53098K, committed 53568K, reserved 1097728K
  class space    used 6998K, committed 7232K, reserved 1048576K
}
Event: 6.858 GC heap after
{Heap after GC invocations=16 (full 0):
 garbage-first heap   total 82944K, used 44443K [0x0000000080000000, 0x0000000100000000)
  region size 1024K, 4 young (4096K), 4 survivors (4096K)
 Metaspace       used 53098K, committed 53568K, reserved 1097728K
  class space    used 6998K, committed 7232K, reserved 1048576K
}
Event: 7.149 GC heap before
{Heap before GC invocations=16 (full 0):
 garbage-first heap   total 82944K, used 61851K [0x0000000080000000, 0x0000000100000000)
  region size 1024K, 21 young (21504K), 4 survivors (4096K)
 Metaspace       used 55545K, committed 56000K, reserved 1105920K
  class space    used 7351K, committed 7552K, reserved 1048576K
}
Event: 7.152 GC heap after
{Heap after GC invocations=17 (full 0):
 garbage-first heap   total 82944K, used 46013K [0x0000000080000000, 0x0000000100000000)
  region size 1024K, 1 young (1024K), 1 survivors (1024K)
 Metaspace       used 55545K, committed 56000K, reserved 1105920K
  class space    used 7351K, committed 7552K, reserved 1048576K
}
Event: 7.458 GC heap before
{Heap before GC invocations=18 (full 0):
 garbage-first heap   total 86016K, used 63421K [0x0000000080000000, 0x0000000100000000)
  region size 1024K, 19 young (19456K), 1 survivors (1024K)
 Metaspace       used 58443K, committed 58944K, reserved 1105920K
  class space    used 7720K, committed 7936K, reserved 1048576K
}
Event: 7.461 GC heap after
{Heap after GC invocations=19 (full 0):
 garbage-first heap   total 86016K, used 46550K [0x0000000080000000, 0x0000000100000000)
  region size 1024K, 2 young (2048K), 2 survivors (2048K)
 Metaspace       used 58443K, committed 58944K, reserved 1105920K
  class space    used 7720K, committed 7936K, reserved 1048576K
}
Event: 7.992 GC heap before
{Heap before GC invocations=19 (full 0):
 garbage-first heap   total 86016K, used 64982K [0x0000000080000000, 0x0000000100000000)
  region size 1024K, 21 young (21504K), 2 survivors (2048K)
 Metaspace       used 62403K, committed 62912K, reserved 1105920K
  class space    used 8244K, committed 8448K, reserved 1048576K
}

